<?xml version="1.0" encoding="UTF-8"?>
<testsuite xmlns:xsi="http://www.w3.org/2001/XMLSchema-instance" xsi:noNamespaceSchemaLocation="https://maven.apache.org/surefire/maven-surefire-plugin/xsd/surefire-test-report.xsd" name="com.airline.AppTest" time="0.027" tests="1" errors="0" skipped="0" failures="0">
  <properties>
    <property name="java.specification.version" value="13"/>
    <property name="sun.cpu.isalist" value="amd64"/>
    <property name="sun.jnu.encoding" value="Cp1252"/>
    <property name="java.class.path" value="C:\Users\JJ\eclipse-workspace\multi-module-maven-airline\models\target\test-classes;C:\Users\JJ\eclipse-workspace\multi-module-maven-airline\models\target\classes;C:\Users\JJ\.m2\repository\junit\junit\4.11\junit-4.11.jar;C:\Users\JJ\.m2\repository\org\hamcrest\hamcrest-core\1.3\hamcrest-core-1.3.jar;C:\Users\JJ\.m2\repository\javax\javaee-api\7.0\javaee-api-7.0.jar;C:\Users\JJ\.m2\repository\com\sun\mail\javax.mail\1.5.0\javax.mail-1.5.0.jar;C:\Users\JJ\.m2\repository\javax\activation\activation\1.1\activation-1.1.jar;"/>
    <property name="java.vm.vendor" value="Oracle Corporation"/>
    <property name="sun.arch.data.model" value="64"/>
    <property name="user.variant" value=""/>
    <property name="java.vendor.url" value="https://java.oracle.com/"/>
    <property name="user.timezone" value="America/Chicago"/>
    <property name="os.name" value="Windows 10"/>
    <property name="java.vm.specification.version" value="13"/>
    <property name="sun.java.launcher" value="SUN_STANDARD"/>
    <property name="user.country" value="US"/>
    <property name="sun.boot.library.path" value="C:\Program Files\Java\jdk-13.0.2\bin"/>
    <property name="sun.java.command" value="C:\Users\JJ\AppData\Local\Temp\surefire13516006545986525387\surefirebooter5513440063032950545.jar C:\Users\JJ\AppData\Local\Temp\surefire13516006545986525387 2020-08-31T18-55-54_731-jvmRun1 surefire16656533465214030264tmp surefire_018305109968460423406tmp"/>
    <property name="jdk.debug" value="release"/>
    <property name="surefire.test.class.path" value="C:\Users\JJ\eclipse-workspace\multi-module-maven-airline\models\target\test-classes;C:\Users\JJ\eclipse-workspace\multi-module-maven-airline\models\target\classes;C:\Users\JJ\.m2\repository\junit\junit\4.11\junit-4.11.jar;C:\Users\JJ\.m2\repository\org\hamcrest\hamcrest-core\1.3\hamcrest-core-1.3.jar;C:\Users\JJ\.m2\repository\javax\javaee-api\7.0\javaee-api-7.0.jar;C:\Users\JJ\.m2\repository\com\sun\mail\javax.mail\1.5.0\javax.mail-1.5.0.jar;C:\Users\JJ\.m2\repository\javax\activation\activation\1.1\activation-1.1.jar;"/>
    <property name="sun.cpu.endian" value="little"/>
    <property name="user.home" value="C:\Users\JJ"/>
    <property name="user.language" value="en"/>
    <property name="java.specification.vendor" value="Oracle Corporation"/>
    <property name="java.version.date" value="2020-01-14"/>
    <property name="java.home" value="C:\Program Files\Java\jdk-13.0.2"/>
    <property name="file.separator" value="\"/>
    <property name="basedir" value="C:\Users\JJ\eclipse-workspace\multi-module-maven-airline\models"/>
    <property name="java.vm.compressedOopsMode" value="Zero based"/>
    <property name="line.separator" value="&#10;"/>
    <property name="java.vm.specification.vendor" value="Oracle Corporation"/>
    <property name="java.specification.name" value="Java Platform API Specification"/>
    <property name="surefire.real.class.path" value="C:\Users\JJ\AppData\Local\Temp\surefire13516006545986525387\surefirebooter5513440063032950545.jar"/>
    <property name="user.script" value=""/>
    <property name="sun.management.compiler" value="HotSpot 64-Bit Tiered Compilers"/>
    <property name="java.runtime.version" value="13.0.2+8"/>
    <property name="user.name" value="JJ"/>
    <property name="path.separator" value=";"/>
    <property name="os.version" value="10.0"/>
    <property name="java.runtime.name" value="Java(TM) SE Runtime Environment"/>
    <property name="file.encoding" value="Cp1252"/>
    <property name="java.vm.name" value="Java HotSpot(TM) 64-Bit Server VM"/>
    <property name="localRepository" value="C:\Users\JJ\.m2\repository"/>
    <property name="java.vendor.url.bug" value="https://bugreport.java.com/bugreport/"/>
    <property name="java.io.tmpdir" value="C:\Users\JJ\AppData\Local\Temp\"/>
    <property name="idea.version" value="2020.2"/>
    <property name="java.version" value="13.0.2"/>
    <property name="user.dir" value="C:\Users\JJ\eclipse-workspace\multi-module-maven-airline\models"/>
    <property name="os.arch" value="amd64"/>
    <property name="java.vm.specification.name" value="Java Virtual Machine Specification"/>
    <property name="sun.os.patch.level" value=""/>
    <property name="java.library.path" value="C:\Program Files\Java\jdk-13.0.2\bin;C:\Windows\Sun\Java\bin;C:\Windows\system32;C:\Windows;C:\Python38\Scripts\;C:\Python38\;C:\Program Files\Java\jdk-13.0.2\bin;C:\Windows\system32;C:\Windows;C:\Windows\System32\Wbem;C:\Windows\System32\WindowsPowerShell\v1.0\;C:\Windows\System32\OpenSSH\;C:\Program Files\heroku\bin;C:\Program Files\nodejs\;C:\ProgramData\chocolatey\bin;C:\Program Files\PostgreSQL\10\bin;C:\Program Files\apache-maven-3.6.3-bin\apache-maven-3.6.3\bin;C:\Gradle\gradle-6.4.1\bin;C:\Users\JJ\AppData\Local\Programs\Python\Python37\Scripts\;C:\Users\JJ\AppData\Local\Programs\Python\Python37\;C:\Users\JJ\AppData\Local\Programs\Python\Python38\Scripts\;C:\Users\JJ\AppData\Local\Programs\Python\Python38\;C:\Users\JJ\anaconda3;C:\Users\JJ\anaconda3\Library\mingw-w64\bin;C:\Users\JJ\anaconda3\Library\usr\bin;C:\Users\JJ\anaconda3\Library\bin;C:\Users\JJ\anaconda3\Scripts;C:\Users\JJ\AppData\Local\Microsoft\WindowsApps;C:\Users\JJ\AppData\Local\atom\bin;C:\Users\JJ\AppData\Local\Programs\Git\cmd;C:\Users\JJ\AppData\Local\GitHubDesktop\bin;C:\Users\JJ\AppData\Roaming\npm;C:\Users\JJ\AppData\Local\Programs\Microsoft VS Code\bin;."/>
    <property name="java.vm.info" value="mixed mode, sharing"/>
    <property name="java.vendor" value="Oracle Corporation"/>
    <property name="java.vm.version" value="13.0.2+8"/>
    <property name="sun.io.unicode.encoding" value="UnicodeLittle"/>
    <property name="java.class.version" value="57.0"/>
  </properties>
  <testcase name="shouldAnswerWithTrue" classname="com.airline.AppTest" time="0.002"/>
</testsuite>